Дата/время: 2023-01-23 21:30:43.142945
Имя функции: hello_world
Аргументы: ((), {})
Результат: Hello World
Дата/время: 2023-01-23 21:30:43.142945
Имя функции: summator
Аргументы: ((2, 2), {})
Результат: 4
Дата/время: 2023-01-23 21:30:43.142945
Имя функции: div
Аргументы: ((6, 2), {})
Результат: 3.0
Дата/время: 2023-01-23 21:30:43.143945
Имя функции: summator
Аргументы: ((4.3,), {'b': 2.2})
Результат: 6.5
Дата/время: 2023-01-23 21:30:43.143945
Имя функции: summator
Аргументы: ((), {'a': 0, 'b': 0})
Результат: 0
